.\CONPROV_TIME_LINK___Win32_Debug\CONPROV_TIME_LINK.pdb
G:\My data\V18-Filterless-OTN\Dynamic-SC-FON\v18-Active\.\CONPROV_TIME_LINK___Win32_Debug\CONPROV_TIME_LINK.exe
G:\My data\V18-Filterless-OTN\Dynamic-SC-FON\v18-Active\.\CONPROV_TIME_LINK___Win32_Debug\CONPROV_TIME_LINK.exe.intermediate.manifest
G:\MY DATA\V18-FILTERLESS-OTN\DYNAMIC-SC-FON\V18-ACTIVE\CONPROV_TIME_LINK___WIN32_DEBUG\ABSPATH.OBJ
G:\MY DATA\V18-FILTERLESS-OTN\DYNAMIC-SC-FON\V18-ACTIVE\CONPROV_TIME_LINK___WIN32_DEBUG\ABSTRACTGRAPH.OBJ
G:\MY DATA\V18-FILTERLESS-OTN\DYNAMIC-SC-FON\V18-ACTIVE\CONPROV_TIME_LINK___WIN32_DEBUG\ABSTRACTPATH.OBJ
G:\MY DATA\V18-FILTERLESS-OTN\DYNAMIC-SC-FON\V18-ACTIVE\CONPROV_TIME_LINK___WIN32_DEBUG\BINARYHEAP.OBJ
G:\MY DATA\V18-FILTERLESS-OTN\DYNAMIC-SC-FON\V18-ACTIVE\CONPROV_TIME_LINK___WIN32_DEBUG\CHANNEL.OBJ
G:\MY DATA\V18-FILTERLESS-OTN\DYNAMIC-SC-FON\V18-ACTIVE\CONPROV_TIME_LINK___WIN32_DEBUG\CIRCUIT.OBJ
G:\My data\V18-Filterless-OTN\Dynamic-SC-FON\v18-Active\CONPROV_TIME_LINK___Win32_Debug\cl.command.1.tlog
G:\My data\V18-Filterless-OTN\Dynamic-SC-FON\v18-Active\CONPROV_TIME_LINK___Win32_Debug\CL.read.1.tlog
G:\My data\V18-Filterless-OTN\Dynamic-SC-FON\v18-Active\CONPROV_TIME_LINK___Win32_Debug\CL.write.1.tlog
G:\MY DATA\V18-FILTERLESS-OTN\DYNAMIC-SC-FON\V18-ACTIVE\CONPROV_TIME_LINK___WIN32_DEBUG\CONNECTION.OBJ
G:\MY DATA\V18-FILTERLESS-OTN\DYNAMIC-SC-FON\V18-ACTIVE\CONPROV_TIME_LINK___WIN32_DEBUG\CONNECTIONDB.OBJ
G:\MY DATA\V18-FILTERLESS-OTN\DYNAMIC-SC-FON\V18-ACTIVE\CONPROV_TIME_LINK___WIN32_DEBUG\CONPROV_TIME_LINK.EXE
G:\MY DATA\V18-FILTERLESS-OTN\DYNAMIC-SC-FON\V18-ACTIVE\CONPROV_TIME_LINK___WIN32_DEBUG\CONPROV_TIME_LINK.EXE.INTERMEDIATE.MANIFEST
G:\MY DATA\V18-FILTERLESS-OTN\DYNAMIC-SC-FON\V18-ACTIVE\CONPROV_TIME_LINK___WIN32_DEBUG\CONPROV_TIME_LINK.PDB
G:\My data\V18-Filterless-OTN\Dynamic-SC-FON\v18-Active\CONPROV_TIME_LINK___Win32_Debug\CONPROV_TIME_LINK.vcxprojResolveAssemblyReference.cache
G:\My data\V18-Filterless-OTN\Dynamic-SC-FON\v18-Active\CONPROV_TIME_LINK___Win32_Debug\CONPROV_TIME_LINK.write.1.tlog
G:\MY DATA\V18-FILTERLESS-OTN\DYNAMIC-SC-FON\V18-ACTIVE\CONPROV_TIME_LINK___WIN32_DEBUG\CONPROVISIONMAIN.OBJ
G:\MY DATA\V18-FILTERLESS-OTN\DYNAMIC-SC-FON\V18-ACTIVE\CONPROV_TIME_LINK___WIN32_DEBUG\EVENT.OBJ
G:\MY DATA\V18-FILTERLESS-OTN\DYNAMIC-SC-FON\V18-ACTIVE\CONPROV_TIME_LINK___WIN32_DEBUG\EVENTLIST.OBJ
G:\MY DATA\V18-FILTERLESS-OTN\DYNAMIC-SC-FON\V18-ACTIVE\CONPROV_TIME_LINK___WIN32_DEBUG\GRAPH.OBJ
G:\MY DATA\V18-FILTERLESS-OTN\DYNAMIC-SC-FON\V18-ACTIVE\CONPROV_TIME_LINK___WIN32_DEBUG\LIGHTPATH.OBJ
G:\MY DATA\V18-FILTERLESS-OTN\DYNAMIC-SC-FON\V18-ACTIVE\CONPROV_TIME_LINK___WIN32_DEBUG\LIGHTPATH_SEG.OBJ
G:\MY DATA\V18-FILTERLESS-OTN\DYNAMIC-SC-FON\V18-ACTIVE\CONPROV_TIME_LINK___WIN32_DEBUG\LIGHTPATHDB.OBJ
G:\My data\V18-Filterless-OTN\Dynamic-SC-FON\v18-Active\CONPROV_TIME_LINK___Win32_Debug\link.command.1.tlog
G:\My data\V18-Filterless-OTN\Dynamic-SC-FON\v18-Active\CONPROV_TIME_LINK___Win32_Debug\link.read.1.tlog
G:\My data\V18-Filterless-OTN\Dynamic-SC-FON\v18-Active\CONPROV_TIME_LINK___Win32_Debug\link.write.1.tlog
G:\MY DATA\V18-FILTERLESS-OTN\DYNAMIC-SC-FON\V18-ACTIVE\CONPROV_TIME_LINK___WIN32_DEBUG\LOG.OBJ
G:\MY DATA\V18-FILTERLESS-OTN\DYNAMIC-SC-FON\V18-ACTIVE\CONPROV_TIME_LINK___WIN32_DEBUG\MAPPEDLINKLIST.OBJ
G:\My data\V18-Filterless-OTN\Dynamic-SC-FON\v18-Active\CONPROV_TIME_LINK___Win32_Debug\mt.command.1.tlog
G:\My data\V18-Filterless-OTN\Dynamic-SC-FON\v18-Active\CONPROV_TIME_LINK___Win32_Debug\mt.read.1.tlog
G:\My data\V18-Filterless-OTN\Dynamic-SC-FON\v18-Active\CONPROV_TIME_LINK___Win32_Debug\mt.write.1.tlog
G:\MY DATA\V18-FILTERLESS-OTN\DYNAMIC-SC-FON\V18-ACTIVE\CONPROV_TIME_LINK___WIN32_DEBUG\NETMAN.OBJ
G:\MY DATA\V18-FILTERLESS-OTN\DYNAMIC-SC-FON\V18-ACTIVE\CONPROV_TIME_LINK___WIN32_DEBUG\OCHEXCEPTION.OBJ
G:\MY DATA\V18-FILTERLESS-OTN\DYNAMIC-SC-FON\V18-ACTIVE\CONPROV_TIME_LINK___WIN32_DEBUG\OCHMEMDEBUG.OBJ
G:\MY DATA\V18-FILTERLESS-OTN\DYNAMIC-SC-FON\V18-ACTIVE\CONPROV_TIME_LINK___WIN32_DEBUG\OCHOBJECT.OBJ
G:\MY DATA\V18-FILTERLESS-OTN\DYNAMIC-SC-FON\V18-ACTIVE\CONPROV_TIME_LINK___WIN32_DEBUG\OXCNODE.OBJ
G:\MY DATA\V18-FILTERLESS-OTN\DYNAMIC-SC-FON\V18-ACTIVE\CONPROV_TIME_LINK___WIN32_DEBUG\SERVICECHAIN.OBJ
G:\MY DATA\V18-FILTERLESS-OTN\DYNAMIC-SC-FON\V18-ACTIVE\CONPROV_TIME_LINK___WIN32_DEBUG\SIMPLEXLINK.OBJ
G:\MY DATA\V18-FILTERLESS-OTN\DYNAMIC-SC-FON\V18-ACTIVE\CONPROV_TIME_LINK___WIN32_DEBUG\SIMULATOR.OBJ
G:\MY DATA\V18-FILTERLESS-OTN\DYNAMIC-SC-FON\V18-ACTIVE\CONPROV_TIME_LINK___WIN32_DEBUG\STAT.OBJ
G:\MY DATA\V18-FILTERLESS-OTN\DYNAMIC-SC-FON\V18-ACTIVE\CONPROV_TIME_LINK___WIN32_DEBUG\TOPOREADER.OBJ
G:\MY DATA\V18-FILTERLESS-OTN\DYNAMIC-SC-FON\V18-ACTIVE\CONPROV_TIME_LINK___WIN32_DEBUG\UNIFIBER.OBJ
G:\MY DATA\V18-FILTERLESS-OTN\DYNAMIC-SC-FON\V18-ACTIVE\CONPROV_TIME_LINK___WIN32_DEBUG\VC100.PDB
G:\MY DATA\V18-FILTERLESS-OTN\DYNAMIC-SC-FON\V18-ACTIVE\CONPROV_TIME_LINK___WIN32_DEBUG\VERTEX.OBJ
G:\MY DATA\V18-FILTERLESS-OTN\DYNAMIC-SC-FON\V18-ACTIVE\CONPROV_TIME_LINK___WIN32_DEBUG\VNF.OBJ
G:\MY DATA\V18-FILTERLESS-OTN\DYNAMIC-SC-FON\V18-ACTIVE\CONPROV_TIME_LINK___WIN32_DEBUG\WDMNETWORK.OBJ
