Build started 30/07/2020 19:30:18.
     1>Project "G:\My data\V18-Filterless-OTN\v18-Active\CONPROV_TIME_LINK.vcxproj" on node 2 (build target(s)).
     1>InitializeBuildStatus:
         Creating ".\CONPROV_TIME_LINK___Win32_Debug\CONPROV_TIME_LINK.unsuccessfulbuild" because "AlwaysCreate" was specified.
       ClCompile:
         C:\Program Files (x86)\Microsoft Visual Studio 10.0\VC\bin\x86_amd64\CL.exe /c /Zi /nologo /W3 /WX- /Od /D WIN32 /D _DEBUG /D _CONSOLE /D _VC80_UPGRADE=0x0600 /D _MBCS /Gm- /EHsc /RTC1 /MTd /GS /Gy- /fp:precise /Zc:wchar_t /Zc:forScope /Fo".\CONPROV_TIME_LINK___Win32_Debug\\" /Fd".\CONPROV_TIME_LINK___Win32_Debug\vc100.pdb" /Gd /TP /errorReport:prompt AbsPath.cpp AbstractGraph.cpp AbstractPath.cpp Channel.cpp Circuit.cpp ConProvisionMain.cpp Connection.cpp ConnectionDB.cpp Event.cpp EventList.cpp Graph.cpp Lightpath.cpp LightpathDB.cpp Lightpath_Seg.cpp Log.cpp MappedLinkList.cpp NetMan.cpp OXCNode.cpp OchObject.cpp ServiceChain.cpp SimplexLink.cpp Simulator.cpp Stat.cpp TopoReader.cpp UniFiber.cpp Vertex.cpp WDMNetwork.cpp
         AbsPath.cpp
         AbstractGraph.cpp
     1>AbstractGraph.cpp(324): warning C4267: 'return' : conversion from 'size_t' to 'NS_OCH::UINT', possible loss of data
     1>AbstractGraph.cpp(329): warning C4267: 'return' : conversion from 'size_t' to 'NS_OCH::UINT', possible loss of data
     1>AbstractGraph.cpp(656): warning C4267: 'return' : conversion from 'size_t' to 'NS_OCH::UINT', possible loss of data
     1>AbstractGraph.cpp(661): warning C4267: 'return' : conversion from 'size_t' to 'NS_OCH::UINT', possible loss of data
     1>AbstractGraph.cpp(759): warning C4244: 'argument' : conversion from 'float' to 'NS_OCH::UINT', possible loss of data
     1>AbstractGraph.cpp(817): warning C4267: 'initializing' : conversion from 'size_t' to 'NS_OCH::UINT', possible loss of data
     1>AbstractGraph.cpp(865): warning C4267: 'initializing' : conversion from 'size_t' to 'NS_OCH::UINT', possible loss of data
     1>AbstractGraph.cpp(1027): warning C4267: 'initializing' : conversion from 'size_t' to 'int', possible loss of data
     1>AbstractGraph.cpp(1082): warning C4244: '=' : conversion from 'unsigned __int64' to 'NS_OCH::LINK_COST', possible loss of data
     1>AbstractGraph.cpp(1174): warning C4267: 'initializing' : conversion from 'size_t' to 'int', possible loss of data
     1>AbstractGraph.cpp(1241): warning C4244: '=' : conversion from 'unsigned __int64' to 'NS_OCH::LINK_COST', possible loss of data
     1>AbstractGraph.cpp(1329): warning C4267: 'initializing' : conversion from 'size_t' to 'int', possible loss of data
     1>AbstractGraph.cpp(1817): warning C4267: '=' : conversion from 'size_t' to 'int', possible loss of data
     1>AbstractGraph.cpp(1880): warning C4101: 'found' : unreferenced local variable
     1>AbstractGraph.cpp(2319): warning C4267: 'initializing' : conversion from 'size_t' to 'int', possible loss of data
     1>AbstractGraph.cpp(2343): warning C4267: 'initializing' : conversion from 'size_t' to 'int', possible loss of data
     1>AbstractGraph.cpp(2349): warning C4267: 'initializing' : conversion from 'size_t' to 'int', possible loss of data
     1>AbstractGraph.cpp(2438): warning C4267: 'initializing' : conversion from 'size_t' to 'int', possible loss of data
     1>AbstractGraph.cpp(2526): warning C4267: 'initializing' : conversion from 'size_t' to 'int', possible loss of data
     1>AbstractGraph.cpp(2532): warning C4267: 'initializing' : conversion from 'size_t' to 'int', possible loss of data
     1>AbstractGraph.cpp(3217): warning C4267: 'initializing' : conversion from 'size_t' to 'int', possible loss of data
     1>AbstractGraph.cpp(3292): warning C4267: 'initializing' : conversion from 'size_t' to 'NS_OCH::UINT', possible loss of data
     1>AbstractGraph.cpp(3452): warning C4267: 'initializing' : conversion from 'size_t' to 'NS_OCH::UINT', possible loss of data
         AbstractPath.cpp
     1>AbstractPath.cpp(121): warning C4267: 'initializing' : conversion from 'size_t' to 'NS_OCH::UINT', possible loss of data
         Channel.cpp
         Circuit.cpp
     1>Circuit.cpp(291): warning C4267: 'return' : conversion from 'size_t' to 'NS_OCH::UINT', possible loss of data
     1>Circuit.cpp(401): warning C4244: '+=' : conversion from 'double' to 'NS_OCH::UINT', possible loss of data
     1>Circuit.cpp(448): warning C4244: '-=' : conversion from 'double' to 'NS_OCH::UINT', possible loss of data
     1>Circuit.cpp(832): warning C4244: '+=' : conversion from 'double' to 'float', possible loss of data
         ConProvisionMain.cpp
     1>ConProvisionMain.cpp(84): warning C4244: 'argument' : conversion from 'time_t' to 'unsigned int', possible loss of data
     1>ConProvisionMain.cpp(317): warning C4996: 'localtime': This function or variable may be unsafe. Consider using localtime_s instead. To disable deprecation, use _CRT_SECURE_NO_WARNINGS. See online help for details.
                 C:\Program Files (x86)\Microsoft Visual Studio 10.0\VC\include\time.inl(112) : see declaration of 'localtime'
     1>ConProvisionMain.cpp(785): warning C4996: 'fopen': This function or variable may be unsafe. Consider using fopen_s instead. To disable deprecation, use _CRT_SECURE_NO_WARNINGS. See online help for details.
                 C:\Program Files (x86)\Microsoft Visual Studio 10.0\VC\include\stdio.h(234) : see declaration of 'fopen'
         Connection.cpp
     1>Connection.cpp(174): warning C4996: 'sprintf': This function or variable may be unsafe. Consider using sprintf_s instead. To disable deprecation, use _CRT_SECURE_NO_WARNINGS. See online help for details.
                 C:\Program Files (x86)\Microsoft Visual Studio 10.0\VC\include\stdio.h(371) : see declaration of 'sprintf'
     1>Connection.cpp(182): warning C4996: 'sprintf': This function or variable may be unsafe. Consider using sprintf_s instead. To disable deprecation, use _CRT_SECURE_NO_WARNINGS. See online help for details.
                 C:\Program Files (x86)\Microsoft Visual Studio 10.0\VC\include\stdio.h(371) : see declaration of 'sprintf'
     1>Connection.cpp(191): warning C4101: 'pType' : unreferenced local variable
     1>Connection.cpp(296): warning C4244: '+=' : conversion from 'double' to 'NS_OCH::UINT', possible loss of data
     1>Connection.cpp(297): warning C4244: '+=' : conversion from 'double' to 'NS_OCH::UINT', possible loss of data
     1>Connection.cpp(306): warning C4244: '+=' : conversion from 'double' to 'NS_OCH::UINT', possible loss of data
     1>Connection.cpp(307): warning C4244: '+=' : conversion from 'double' to 'NS_OCH::UINT', possible loss of data
     1>Connection.cpp(310): warning C4244: '+=' : conversion from 'double' to 'NS_OCH::UINT', possible loss of data
     1>Connection.cpp(311): warning C4244: '+=' : conversion from 'double' to 'NS_OCH::UINT', possible loss of data
     1>Connection.cpp(319): warning C4244: '+=' : conversion from 'double' to 'NS_OCH::UINT', possible loss of data
     1>Connection.cpp(320): warning C4244: '+=' : conversion from 'double' to 'NS_OCH::UINT', possible loss of data
     1>Connection.cpp(322): warning C4244: '+=' : conversion from 'double' to 'NS_OCH::UINT', possible loss of data
     1>Connection.cpp(323): warning C4244: '+=' : conversion from 'double' to 'NS_OCH::UINT', possible loss of data
     1>Connection.cpp(330): warning C4244: '+=' : conversion from 'double' to 'NS_OCH::UINT', possible loss of data
     1>Connection.cpp(359): warning C4244: '+=' : conversion from 'double' to 'NS_OCH::UINT', possible loss of data
     1>Connection.cpp(360): warning C4244: '+=' : conversion from 'double' to 'NS_OCH::UINT', possible loss of data
     1>Connection.cpp(361): warning C4244: '+=' : conversion from 'double' to 'NS_OCH::UINT', possible loss of data
     1>Connection.cpp(362): warning C4244: '+=' : conversion from 'double' to 'NS_OCH::UINT', possible loss of data
     1>Connection.cpp(363): warning C4244: '+=' : conversion from 'double' to 'NS_OCH::UINT', possible loss of data
     1>Connection.cpp(370): warning C4244: '+=' : conversion from 'double' to 'NS_OCH::UINT', possible loss of data
     1>Connection.cpp(371): warning C4244: '+=' : conversion from 'double' to 'NS_OCH::UINT', possible loss of data
     1>Connection.cpp(372): warning C4244: '+=' : conversion from 'double' to 'NS_OCH::UINT', possible loss of data
     1>Connection.cpp(373): warning C4244: '+=' : conversion from 'double' to 'NS_OCH::UINT', possible loss of data
     1>Connection.cpp(374): warning C4244: '+=' : conversion from 'double' to 'NS_OCH::UINT', possible loss of data
     1>Connection.cpp(381): warning C4244: '+=' : conversion from 'double' to 'NS_OCH::UINT', possible loss of data
     1>Connection.cpp(382): warning C4244: '+=' : conversion from 'double' to 'NS_OCH::UINT', possible loss of data
     1>Connection.cpp(383): warning C4244: '+=' : conversion from 'double' to 'NS_OCH::UINT', possible loss of data
     1>Connection.cpp(390): warning C4244: '+=' : conversion from 'double' to 'NS_OCH::UINT', possible loss of data
     1>Connection.cpp(391): warning C4244: '+=' : conversion from 'double' to 'NS_OCH::UINT', possible loss of data
     1>Connection.cpp(392): warning C4244: '+=' : conversion from 'double' to 'NS_OCH::UINT', possible loss of data
     1>Connection.cpp(399): warning C4244: '+=' : conversion from 'double' to 'NS_OCH::UINT', possible loss of data
     1>Connection.cpp(400): warning C4244: '+=' : conversion from 'double' to 'NS_OCH::UINT', possible loss of data
     1>Connection.cpp(401): warning C4244: '+=' : conversion from 'double' to 'NS_OCH::UINT', possible loss of data
     1>Connection.cpp(408): warning C4244: '+=' : conversion from 'double' to 'NS_OCH::UINT', possible loss of data
         ConnectionDB.cpp
     1>ConnectionDB.cpp(72): warning C4244: '+=' : conversion from 'double' to 'NS_OCH::UINT', possible loss of data
     1>ConnectionDB.cpp(106): warning C4244: '+=' : conversion from 'double' to 'NS_OCH::UINT', possible loss of data
         Event.cpp
         EventList.cpp
     1>EventList.cpp(430): warning C4267: 'initializing' : conversion from 'size_t' to 'int', possible loss of data
     1>EventList.cpp(733): warning C4267: 'initializing' : conversion from 'size_t' to 'int', possible loss of data
         Graph.cpp
     1>Graph.cpp(327): warning C4482: nonstandard extension used: enum 'NS_OCH::SimplexLink::SimplexLinkType' used in qualified name
     1>Graph.cpp(353): warning C4482: nonstandard extension used: enum 'NS_OCH::SimplexLink::SimplexLinkType' used in qualified name
     1>Graph.cpp(381): warning C4482: nonstandard extension used: enum 'NS_OCH::SimplexLink::SimplexLinkType' used in qualified name
     1>Graph.cpp(382): warning C4482: nonstandard extension used: enum 'NS_OCH::SimplexLink::SimplexLinkType' used in qualified name
     1>Graph.cpp(383): warning C4482: nonstandard extension used: enum 'NS_OCH::SimplexLink::SimplexLinkType' used in qualified name
     1>Graph.cpp(440): warning C4482: nonstandard extension used: enum 'NS_OCH::SimplexLink::SimplexLinkType' used in qualified name
     1>Graph.cpp(450): warning C4267: '=' : conversion from 'size_t' to 'NS_OCH::UINT', possible loss of data
     1>Graph.cpp(470): warning C4244: 'argument' : conversion from 'const double' to 'NS_OCH::UINT', possible loss of data
     1>Graph.cpp(755): warning C4267: 'initializing' : conversion from 'size_t' to 'NS_OCH::UINT', possible loss of data
     1>Graph.cpp(1012): warning C4267: 'initializing' : conversion from 'size_t' to 'NS_OCH::UINT', possible loss of data
     1>Graph.cpp(1031): warning C4267: 'initializing' : conversion from 'size_t' to 'NS_OCH::UINT', possible loss of data
     1>Graph.cpp(1285): warning C4267: 'argument' : conversion from 'size_t' to 'int', possible loss of data
     1>Graph.cpp(1379): warning C4267: 'initializing' : conversion from 'size_t' to 'NS_OCH::UINT', possible loss of data
     1>Graph.cpp(1433): warning C4267: 'initializing' : conversion from 'size_t' to 'NS_OCH::UINT', possible loss of data
     1>Graph.cpp(1461): warning C4482: nonstandard extension used: enum 'NS_OCH::SimplexLink::SimplexLinkType' used in qualified name
     1>Graph.cpp(1465): warning C4244: '+=' : conversion from 'double' to 'NS_OCH::LINK_CAPACITY', possible loss of data
         Lightpath.cpp
     1>Lightpath.cpp(221): warning C4267: 'initializing' : conversion from 'size_t' to 'NS_OCH::UINT', possible loss of data
     1>Lightpath.cpp(401): warning C4244: 'argument' : conversion from 'double' to 'NS_OCH::UINT', possible loss of data
     1>Lightpath.cpp(435): warning C4244: '=' : conversion from 'double' to 'NS_OCH::UINT', possible loss of data
     1>Lightpath.cpp(444): warning C4244: '=' : conversion from 'double' to 'NS_OCH::UINT', possible loss of data
     1>Lightpath.cpp(558): warning C4267: 'initializing' : conversion from 'size_t' to 'NS_OCH::UINT', possible loss of data
     1>Lightpath.cpp(559): warning C4267: 'initializing' : conversion from 'size_t' to 'NS_OCH::UINT', possible loss of data
     1>Lightpath.cpp(716): warning C4244: '+=' : conversion from 'double' to 'NS_OCH::UINT', possible loss of data
     1>Lightpath.cpp(749): warning C4244: '-=' : conversion from 'double' to 'NS_OCH::UINT', possible loss of data
     1>Lightpath.cpp(1010): warning C4244: 'argument' : conversion from 'double' to 'NS_OCH::UINT', possible loss of data
     1>Lightpath.cpp(1051): warning C4244: '=' : conversion from 'double' to 'NS_OCH::UINT', possible loss of data
     1>Lightpath.cpp(1060): warning C4244: '=' : conversion from 'double' to 'NS_OCH::UINT', possible loss of data
         LightpathDB.cpp
         Lightpath_Seg.cpp
     1>Lightpath_Seg.cpp(195): warning C4244: 'initializing' : conversion from 'unsigned __int64' to 'double', possible loss of data
     1>Lightpath_Seg.cpp(723): warning C4267: 'initializing' : conversion from 'size_t' to 'int', possible loss of data
     1>Lightpath_Seg.cpp(788): warning C4267: 'initializing' : conversion from 'size_t' to 'int', possible loss of data
     1>Lightpath_Seg.cpp(1007): warning C4267: 'initializing' : conversion from 'size_t' to 'NS_OCH::UINT', possible loss of data
     1>Lightpath_Seg.cpp(1017): warning C4267: '+=' : conversion from 'size_t' to 'NS_OCH::UINT', possible loss of data
     1>Lightpath_Seg.cpp(1025): warning C4267: '+=' : conversion from 'size_t' to 'NS_OCH::UINT', possible loss of data
         Log.cpp
         MappedLinkList.cpp
         NetMan.cpp
     1>NetMan.cpp(900): warning C4244: 'argument' : conversion from 'const double' to 'NS_OCH::UINT', possible loss of data
     1>NetMan.cpp(1115): warning C4267: 'return' : conversion from 'size_t' to 'NS_OCH::UINT', possible loss of data
     1>NetMan.cpp(1290): warning C4244: 'argument' : conversion from 'double' to 'NS_OCH::UINT', possible loss of data
     1>NetMan.cpp(1792): warning C4244: 'argument' : conversion from 'double' to 'NS_OCH::UINT', possible loss of data
     1>NetMan.cpp(2026): warning C4244: 'initializing' : conversion from 'double' to 'NS_OCH::UINT', possible loss of data
     1>NetMan.cpp(2043): warning C4244: 'initializing' : conversion from 'double' to 'NS_OCH::UINT', possible loss of data
     1>NetMan.cpp(2053): warning C4244: '=' : conversion from 'double' to 'NS_OCH::UINT', possible loss of data
     1>NetMan.cpp(2215): warning C4244: 'argument' : conversion from 'double' to 'NS_OCH::UINT', possible loss of data
     1>NetMan.cpp(2987): warning C4244: '=' : conversion from 'double' to 'NS_OCH::UINT', possible loss of data
     1>NetMan.cpp(3220): warning C4267: 'initializing' : conversion from 'size_t' to 'NS_OCH::UINT', possible loss of data
     1>NetMan.cpp(3408): warning C4244: '=' : conversion from 'unsigned __int64' to 'NS_OCH::LINK_COST', possible loss of data
     1>NetMan.cpp(3734): warning C4482: nonstandard extension used: enum 'NS_OCH::Lightpath::LPProtectionType' used in qualified name
     1>NetMan.cpp(3734): warning C4244: 'argument' : conversion from 'double' to 'NS_OCH::UINT', possible loss of data
     1>NetMan.cpp(5847): warning C4482: nonstandard extension used: enum 'NS_OCH::Connection::ConnectionType' used in qualified name
     1>NetMan.cpp(5952): warning C4244: 'initializing' : conversion from 'double' to 'NS_OCH::UINT', possible loss of data
     1>NetMan.cpp(6284): warning C4482: nonstandard extension used: enum 'NS_OCH::Vertex::VertexType' used in qualified name
     1>NetMan.cpp(6383): warning C4482: nonstandard extension used: enum 'NS_OCH::Vertex::VertexType' used in qualified name
     1>NetMan.cpp(6413): warning C4244: 'argument' : conversion from 'double' to 'NS_OCH::LINK_CAPACITY', possible loss of data
     1>NetMan.cpp(6538): warning C4244: '=' : conversion from 'double' to 'NS_OCH::LINK_CAPACITY', possible loss of data
     1>NetMan.cpp(6598): warning C4244: 'argument' : conversion from 'double' to 'NS_OCH::UINT', possible loss of data
     1>NetMan.cpp(6601): warning C4244: 'argument' : conversion from 'double' to 'NS_OCH::UINT', possible loss of data
     1>NetMan.cpp(6632): warning C4244: 'argument' : conversion from 'double' to 'NS_OCH::UINT', possible loss of data
     1>NetMan.cpp(6810): warning C4482: nonstandard extension used: enum 'NS_OCH::Vertex::VertexType' used in qualified name
     1>NetMan.cpp(6811): warning C4482: nonstandard extension used: enum 'NS_OCH::Vertex::VertexType' used in qualified name
     1>NetMan.cpp(6812): warning C4244: '+=' : conversion from 'double' to 'NS_OCH::LINK_CAPACITY', possible loss of data
     1>NetMan.cpp(6980): warning C4244: '+=' : conversion from 'double' to 'NS_OCH::LINK_CAPACITY', possible loss of data
     1>NetMan.cpp(7394): warning C4244: 'argument' : conversion from 'double' to 'NS_OCH::UINT', possible loss of data
     1>NetMan.cpp(7700): warning C4244: 'argument' : conversion from 'double' to 'NS_OCH::UINT', possible loss of data
     1>NetMan.cpp(8063): warning C4482: nonstandard extension used: enum 'NS_OCH::AbstractGraph::LinkCostFunction' used in qualified name
     1>NetMan.cpp(8175): warning C4482: nonstandard extension used: enum 'NS_OCH::AbstractGraph::LinkCostFunction' used in qualified name
     1>NetMan.cpp(8393): warning C4482: nonstandard extension used: enum 'NS_OCH::Vertex::VertexType' used in qualified name
     1>NetMan.cpp(8403): warning C4482: nonstandard extension used: enum 'NS_OCH::SimplexLink::SimplexLinkType' used in qualified name
     1>NetMan.cpp(8417): warning C4482: nonstandard extension used: enum 'NS_OCH::SimplexLink::SimplexLinkType' used in qualified name
     1>NetMan.cpp(8928): warning C4101: 'w' : unreferenced local variable
     1>NetMan.cpp(8927): warning C4101: 'pUniFiber' : unreferenced local variable
     1>NetMan.cpp(8926): warning C4101: 'pLink' : unreferenced local variable
     1>NetMan.cpp(9250): warning C4267: 'return' : conversion from 'size_t' to 'int', possible loss of data
     1>NetMan.cpp(9467): warning C4482: nonstandard extension used: enum 'NS_OCH::SimplexLink::SimplexLinkType' used in qualified name
     1>NetMan.cpp(9468): warning C4482: nonstandard extension used: enum 'NS_OCH::SimplexLink::SimplexLinkType' used in qualified name
     1>NetMan.cpp(9469): warning C4482: nonstandard extension used: enum 'NS_OCH::SimplexLink::SimplexLinkType' used in qualified name
     1>NetMan.cpp(9470): warning C4482: nonstandard extension used: enum 'NS_OCH::SimplexLink::SimplexLinkType' used in qualified name
     1>NetMan.cpp(9471): warning C4482: nonstandard extension used: enum 'NS_OCH::SimplexLink::SimplexLinkType' used in qualified name
     1>NetMan.cpp(9472): warning C4482: nonstandard extension used: enum 'NS_OCH::SimplexLink::SimplexLinkType' used in qualified name
     1>NetMan.cpp(9473): warning C4482: nonstandard extension used: enum 'NS_OCH::SimplexLink::SimplexLinkType' used in qualified name
     1>NetMan.cpp(9474): warning C4482: nonstandard extension used: enum 'NS_OCH::SimplexLink::SimplexLinkType' used in qualified name
     1>NetMan.cpp(9475): warning C4482: nonstandard extension used: enum 'NS_OCH::SimplexLink::SimplexLinkType' used in qualified name
     1>NetMan.cpp(9478): warning C4482: nonstandard extension used: enum 'NS_OCH::SimplexLink::SimplexLinkType' used in qualified name
     1>NetMan.cpp(9616): warning C4267: 'return' : conversion from 'size_t' to 'NS_OCH::UINT', possible loss of data
     1>NetMan.cpp(9687): warning C4244: '+=' : conversion from 'NS_OCH::SimulationTime' to 'float', possible loss of data
     1>NetMan.cpp(9688): warning C4244: '+=' : conversion from 'NS_OCH::SimulationTime' to 'float', possible loss of data
     1>NetMan.cpp(9703): warning C4267: 'initializing' : conversion from 'size_t' to 'NS_OCH::UINT', possible loss of data
     1>NetMan.cpp(9839): warning C4244: '+=' : conversion from 'NS_OCH::SimulationTime' to 'float', possible loss of data
     1>NetMan.cpp(9840): warning C4244: '+=' : conversion from 'NS_OCH::SimulationTime' to 'float', possible loss of data
     1>NetMan.cpp(10138): warning C4482: nonstandard extension used: enum 'NS_OCH::Vertex::VertexType' used in qualified name
     1>NetMan.cpp(10139): warning C4482: nonstandard extension used: enum 'NS_OCH::Vertex::VertexType' used in qualified name
     1>NetMan.cpp(10143): warning C4482: nonstandard extension used: enum 'NS_OCH::AbstractGraph::LinkCostFunction' used in qualified name
     1>NetMan.cpp(10291): warning C4244: '+=' : conversion from 'NS_OCH::SimulationTime' to 'float', possible loss of data
     1>NetMan.cpp(10326): warning C4244: '+=' : conversion from 'NS_OCH::SimulationTime' to 'float', possible loss of data
     1>NetMan.cpp(10366): warning C4244: 'initializing' : conversion from 'const NS_OCH::LINK_COST' to 'int', possible loss of data
     1>NetMan.cpp(10459): warning C4244: 'initializing' : conversion from 'const NS_OCH::LINK_COST' to 'NS_OCH::UINT', possible loss of data
     1>NetMan.cpp(10747): warning C4267: '=' : conversion from 'size_t' to 'NS_OCH::UINT', possible loss of data
     1>NetMan.cpp(10439): warning C4101: 'latency' : unreferenced local variable
     1>NetMan.cpp(10985): warning C4101: 'Srcnode' : unreferenced local variable
     1>NetMan.cpp(10985): warning C4101: 'Snod' : unreferenced local variable
     1>NetMan.cpp(10984): warning C4101: 'nodeID' : unreferenced local variable
     1>NetMan.cpp(11560): warning C4267: 'return' : conversion from 'size_t' to 'NS_OCH::UINT', possible loss of data
     1>NetMan.cpp(11888): warning C4996: 'localtime': This function or variable may be unsafe. Consider using localtime_s instead. To disable deprecation, use _CRT_SECURE_NO_WARNINGS. See online help for details.
                 C:\Program Files (x86)\Microsoft Visual Studio 10.0\VC\include\time.inl(112) : see declaration of 'localtime'
     1>NetMan.cpp(11973): warning C4244: 'initializing' : conversion from 'const NS_OCH::LINK_COST' to 'NS_OCH::UINT', possible loss of data
     1>NetMan.cpp(11991): warning C4244: '=' : conversion from '__int64' to 'int', possible loss of data
     1>NetMan.cpp(13294): warning C4267: '=' : conversion from 'size_t' to 'int', possible loss of data
         OXCNode.cpp
     1>OXCNode.cpp(651): warning C4244: 'initializing' : conversion from 'double' to 'NS_OCH::UINT', possible loss of data
     1>OXCNode.cpp(656): warning C4244: '+=' : conversion from 'double' to 'NS_OCH::UINT', possible loss of data
     1>OXCNode.cpp(669): warning C4244: 'initializing' : conversion from 'double' to 'NS_OCH::UINT', possible loss of data
         OchObject.cpp
         ServiceChain.cpp
         Generating Code...
     1>g:\my data\v18-filterless-otn\v18-active\servicechain.cpp(222): warning C4715: 'NS_OCH::ServiceChain::GetServiceChainName' : not all control paths return a value
         Compiling...
         SimplexLink.cpp
     1>SimplexLink.cpp(71): warning C4244: 'argument' : conversion from 'double' to 'NS_OCH::UINT', possible loss of data
     1>SimplexLink.cpp(71): warning C4244: 'initializing' : conversion from 'double' to 'NS_OCH::LINK_CAPACITY', possible loss of data
     1>SimplexLink.cpp(74): warning C4305: '=' : truncation from 'double' to 'float'
     1>SimplexLink.cpp(172): warning C4996: 'sprintf': This function or variable may be unsafe. Consider using sprintf_s instead. To disable deprecation, use _CRT_SECURE_NO_WARNINGS. See online help for details.
                 C:\Program Files (x86)\Microsoft Visual Studio 10.0\VC\include\stdio.h(371) : see declaration of 'sprintf'
         Simulator.cpp
     1>Simulator.cpp(243): warning C4267: 'argument' : conversion from 'size_t' to 'int', possible loss of data
     1>Simulator.cpp(768): warning C4244: 'initializing' : conversion from 'double' to 'int', possible loss of data
     1>Simulator.cpp(1140): warning C4267: 'initializing' : conversion from 'size_t' to 'NS_OCH::UINT', possible loss of data
     1>Simulator.cpp(1278): warning C4244: 'initializing' : conversion from 'double' to 'int', possible loss of data
     1>Simulator.cpp(1965): warning C4267: 'argument' : conversion from 'size_t' to 'int', possible loss of data
     1>Simulator.cpp(1999): warning C4267: 'argument' : conversion from 'size_t' to 'int', possible loss of data
     1>Simulator.cpp(2010): warning C4244: '=' : conversion from 'double' to 'NS_OCH::UINT', possible loss of data
     1>Simulator.cpp(2034): warning C4267: 'argument' : conversion from 'size_t' to 'int', possible loss of data
     1>Simulator.cpp(2462): warning C4267: 'argument' : conversion from 'size_t' to 'int', possible loss of data
     1>Simulator.cpp(2490): warning C4267: 'argument' : conversion from 'size_t' to 'int', possible loss of data
     1>Simulator.cpp(2518): warning C4267: 'argument' : conversion from 'size_t' to 'int', possible loss of data
     1>Simulator.cpp(2534): warning C4244: 'initializing' : conversion from 'double' to 'int', possible loss of data
     1>Simulator.cpp(2615): warning C4267: 'argument' : conversion from 'size_t' to 'int', possible loss of data
     1>Simulator.cpp(2625): warning C4244: 'initializing' : conversion from 'double' to 'NS_OCH::UINT', possible loss of data
     1>Simulator.cpp(2673): warning C4244: 'initializing' : conversion from 'double' to 'NS_OCH::UINT', possible loss of data
     1>Simulator.cpp(2679): warning C4244: 'initializing' : conversion from 'double' to 'NS_OCH::UINT', possible loss of data
     1>Simulator.cpp(2697): warning C4244: 'argument' : conversion from 'double' to 'NS_OCH::UINT', possible loss of data
     1>Simulator.cpp(2737): warning C4018: '<' : signed/unsigned mismatch
     1>Simulator.cpp(2739): warning C4244: '+=' : conversion from 'double' to 'int', possible loss of data
     1>Simulator.cpp(2749): warning C4244: '=' : conversion from 'double' to 'NS_OCH::UINT', possible loss of data
     1>Simulator.cpp(2751): warning C4244: '=' : conversion from 'double' to 'NS_OCH::UINT', possible loss of data
     1>Simulator.cpp(2753): warning C4244: '=' : conversion from 'double' to 'NS_OCH::UINT', possible loss of data
     1>Simulator.cpp(2756): warning C4244: '+=' : conversion from 'double' to 'NS_OCH::UINT', possible loss of data
         Stat.cpp
         TopoReader.cpp
     1>TopoReader.cpp(292): warning C4244: 'argument' : conversion from 'int' to 'float', possible loss of data
         UniFiber.cpp
     1>UniFiber.cpp(59): warning C4244: 'argument' : conversion from 'float' to 'NS_OCH::UINT', possible loss of data
         Vertex.cpp
         WDMNetwork.cpp
     1>WDMNetwork.cpp(606): warning C4267: 'initializing' : conversion from 'size_t' to 'int', possible loss of data
     1>WDMNetwork.cpp(634): warning C4267: 'initializing' : conversion from 'size_t' to 'int', possible loss of data
     1>WDMNetwork.cpp(2167): warning C4267: '=' : conversion from 'size_t' to 'int', possible loss of data
     1>WDMNetwork.cpp(2170): warning C4267: '=' : conversion from 'size_t' to 'int', possible loss of data
     1>WDMNetwork.cpp(2171): warning C4267: '=' : conversion from 'size_t' to 'int', possible loss of data
     1>WDMNetwork.cpp(2175): warning C4267: '=' : conversion from 'size_t' to 'int', possible loss of data
     1>WDMNetwork.cpp(2176): warning C4267: '=' : conversion from 'size_t' to 'int', possible loss of data
     1>WDMNetwork.cpp(2840): warning C4267: '=' : conversion from 'size_t' to 'int', possible loss of data
     1>WDMNetwork.cpp(2841): warning C4267: '=' : conversion from 'size_t' to 'int', possible loss of data
     1>WDMNetwork.cpp(3391): warning C4267: 'initializing' : conversion from 'size_t' to 'int', possible loss of data
     1>WDMNetwork.cpp(4452): warning C4267: 'initializing' : conversion from 'size_t' to 'NS_OCH::UINT', possible loss of data
     1>WDMNetwork.cpp(4453): warning C4267: 'initializing' : conversion from 'size_t' to 'NS_OCH::UINT', possible loss of data
     1>WDMNetwork.cpp(5291): warning C4267: '=' : conversion from 'size_t' to 'int', possible loss of data
     1>WDMNetwork.cpp(7670): warning C4267: 'initializing' : conversion from 'size_t' to 'int', possible loss of data
     1>WDMNetwork.cpp(8285): warning C4267: 'initializing' : conversion from 'size_t' to 'NS_OCH::UINT', possible loss of data
     1>WDMNetwork.cpp(8315): warning C4267: 'initializing' : conversion from 'size_t' to 'NS_OCH::UINT', possible loss of data
     1>WDMNetwork.cpp(8819): warning C4101: 'pAbstract' : unreferenced local variable
     1>WDMNetwork.cpp(8989): warning C4101: 'pDebug' : unreferenced local variable
         Generating Code...
       Link:
         C:\Program Files (x86)\Microsoft Visual Studio 10.0\VC\bin\x86_amd64\link.exe /ERRORREPORT:PROMPT /OUT:".\CONPROV_TIME_LINK___Win32_Debug\CONPROV_TIME_LINK.exe" /INCREMENTAL:NO /NOLOGO odbc32.lib odbccp32.lib kernel32.lib user32.lib gdi32.lib winspool.lib comdlg32.lib advapi32.lib shell32.lib ole32.lib oleaut32.lib uuid.lib odbc32.lib odbccp32.lib /MANIFEST /ManifestFile:".\CONPROV_TIME_LINK___Win32_Debug\CONPROV_TIME_LINK.exe.intermediate.manifest" /MANIFESTUAC:"level='asInvoker' uiAccess='false'" /DEBUG /PDB:"G:\My data\V18-Filterless-OTN\v18-Active\CONPROV_TIME_LINK___Win32_Debug\CONPROV_TIME_LINK.pdb" /SUBSYSTEM:CONSOLE /TLBID:1 /DYNAMICBASE /NXCOMPAT /IMPLIB:".\CONPROV_TIME_LINK___Win32_Debug\CONPROV_TIME_LINK.lib" /MACHINE:X64 .\CONPROV_TIME_LINK___Win32_Debug\AbsPath.obj
         .\CONPROV_TIME_LINK___Win32_Debug\AbstractGraph.obj
         .\CONPROV_TIME_LINK___Win32_Debug\AbstractPath.obj
         .\CONPROV_TIME_LINK___Win32_Debug\BinaryHeap.obj
         .\CONPROV_TIME_LINK___Win32_Debug\Channel.obj
         .\CONPROV_TIME_LINK___Win32_Debug\Circuit.obj
         .\CONPROV_TIME_LINK___Win32_Debug\Connection.obj
         .\CONPROV_TIME_LINK___Win32_Debug\ConnectionDB.obj
         .\CONPROV_TIME_LINK___Win32_Debug\ConProvisionMain.obj
         .\CONPROV_TIME_LINK___Win32_Debug\Event.obj
         .\CONPROV_TIME_LINK___Win32_Debug\EventList.obj
         .\CONPROV_TIME_LINK___Win32_Debug\Graph.obj
         .\CONPROV_TIME_LINK___Win32_Debug\Lightpath.obj
         .\CONPROV_TIME_LINK___Win32_Debug\Lightpath_Seg.obj
         .\CONPROV_TIME_LINK___Win32_Debug\LightpathDB.obj
         .\CONPROV_TIME_LINK___Win32_Debug\Log.obj
         .\CONPROV_TIME_LINK___Win32_Debug\MappedLinkList.obj
         .\CONPROV_TIME_LINK___Win32_Debug\NetMan.obj
         .\CONPROV_TIME_LINK___Win32_Debug\OchException.obj
         .\CONPROV_TIME_LINK___Win32_Debug\OchMemDebug.obj
         .\CONPROV_TIME_LINK___Win32_Debug\OchObject.obj
         .\CONPROV_TIME_LINK___Win32_Debug\OXCNode.obj
         .\CONPROV_TIME_LINK___Win32_Debug\ServiceChain.obj
         .\CONPROV_TIME_LINK___Win32_Debug\SimplexLink.obj
         .\CONPROV_TIME_LINK___Win32_Debug\Simulator.obj
         .\CONPROV_TIME_LINK___Win32_Debug\Stat.obj
         .\CONPROV_TIME_LINK___Win32_Debug\TopoReader.obj
         .\CONPROV_TIME_LINK___Win32_Debug\UniFiber.obj
         .\CONPROV_TIME_LINK___Win32_Debug\Vertex.obj
         .\CONPROV_TIME_LINK___Win32_Debug\VNF.obj
         .\CONPROV_TIME_LINK___Win32_Debug\WDMNetwork.obj
         CONPROV_TIME_LINK.vcxproj -> G:\My data\V18-Filterless-OTN\v18-Active\.\CONPROV_TIME_LINK___Win32_Debug\CONPROV_TIME_LINK.exe
       Manifest:
         C:\Program Files (x86)\Microsoft SDKs\Windows\v7.0A\bin\mt.exe /nologo /verbose /outputresource:".\CONPROV_TIME_LINK___Win32_Debug\CONPROV_TIME_LINK.exe;#1" /manifest .\CONPROV_TIME_LINK___Win32_Debug\CONPROV_TIME_LINK.exe.intermediate.manifest
       FinalizeBuildStatus:
         Deleting file ".\CONPROV_TIME_LINK___Win32_Debug\CONPROV_TIME_LINK.unsuccessfulbuild".
         Touching ".\CONPROV_TIME_LINK___Win32_Debug\CONPROV_TIME_LINK.lastbuildstate".
     1>Done Building Project "G:\My data\V18-Filterless-OTN\v18-Active\CONPROV_TIME_LINK.vcxproj" (build target(s)).

Build succeeded.

Time Elapsed 00:00:15.93
