Build started 31/07/2020 08:13:42.
     1>Project "G:\My data\V18-Filterless-OTN\Dynamic-SC-FON\Fillterless\CONPROV_TIME_LINK.vcxproj" on node 2 (build target(s)).
     1>InitializeBuildStatus:
         Creating ".\CONPROV_TIME_LINK___Win32_Debug\CONPROV_TIME_LINK.unsuccessfulbuild" because "AlwaysCreate" was specified.
       ClCompile:
         C:\Program Files (x86)\Microsoft Visual Studio 10.0\VC\bin\x86_amd64\CL.exe /c /Zi /nologo /W3 /WX- /Od /D WIN32 /D _DEBUG /D _CONSOLE /D _VC80_UPGRADE=0x0600 /D _MBCS /Gm- /EHsc /RTC1 /MTd /GS /Gy- /fp:precise /Zc:wchar_t /Zc:forScope /Fo".\CONPROV_TIME_LINK___Win32_Debug\\" /Fd".\CONPROV_TIME_LINK___Win32_Debug\vc100.pdb" /Gd /TP /errorReport:prompt Simulator.cpp
         Simulator.cpp
     1>Simulator.cpp(243): warning C4267: 'argument' : conversion from 'size_t' to 'int', possible loss of data
     1>Simulator.cpp(768): warning C4244: 'initializing' : conversion from 'double' to 'int', possible loss of data
     1>Simulator.cpp(1146): warning C4267: 'initializing' : conversion from 'size_t' to 'NS_OCH::UINT', possible loss of data
     1>Simulator.cpp(1284): warning C4244: 'initializing' : conversion from 'double' to 'int', possible loss of data
     1>Simulator.cpp(1972): warning C4267: 'argument' : conversion from 'size_t' to 'int', possible loss of data
     1>Simulator.cpp(2006): warning C4267: 'argument' : conversion from 'size_t' to 'int', possible loss of data
     1>Simulator.cpp(2017): warning C4244: '=' : conversion from 'double' to 'NS_OCH::UINT', possible loss of data
     1>Simulator.cpp(2041): warning C4267: 'argument' : conversion from 'size_t' to 'int', possible loss of data
     1>Simulator.cpp(2469): warning C4267: 'argument' : conversion from 'size_t' to 'int', possible loss of data
     1>Simulator.cpp(2497): warning C4267: 'argument' : conversion from 'size_t' to 'int', possible loss of data
     1>Simulator.cpp(2525): warning C4267: 'argument' : conversion from 'size_t' to 'int', possible loss of data
     1>Simulator.cpp(2541): warning C4244: 'initializing' : conversion from 'double' to 'int', possible loss of data
     1>Simulator.cpp(2623): warning C4267: 'argument' : conversion from 'size_t' to 'int', possible loss of data
     1>Simulator.cpp(2633): warning C4244: 'initializing' : conversion from 'double' to 'NS_OCH::UINT', possible loss of data
     1>Simulator.cpp(2681): warning C4244: 'initializing' : conversion from 'double' to 'NS_OCH::UINT', possible loss of data
     1>Simulator.cpp(2687): warning C4244: 'initializing' : conversion from 'double' to 'NS_OCH::UINT', possible loss of data
     1>Simulator.cpp(2705): warning C4244: 'argument' : conversion from 'double' to 'NS_OCH::UINT', possible loss of data
     1>Simulator.cpp(2745): warning C4018: '<' : signed/unsigned mismatch
     1>Simulator.cpp(2747): warning C4244: '+=' : conversion from 'double' to 'int', possible loss of data
     1>Simulator.cpp(2757): warning C4244: '=' : conversion from 'double' to 'NS_OCH::UINT', possible loss of data
     1>Simulator.cpp(2759): warning C4244: '=' : conversion from 'double' to 'NS_OCH::UINT', possible loss of data
     1>Simulator.cpp(2761): warning C4244: '=' : conversion from 'double' to 'NS_OCH::UINT', possible loss of data
     1>Simulator.cpp(2764): warning C4244: '+=' : conversion from 'double' to 'NS_OCH::UINT', possible loss of data
       Link:
         C:\Program Files (x86)\Microsoft Visual Studio 10.0\VC\bin\x86_amd64\link.exe /ERRORREPORT:PROMPT /OUT:".\CONPROV_TIME_LINK___Win32_Debug\CONPROV_TIME_LINK.exe" /INCREMENTAL:NO /NOLOGO odbc32.lib odbccp32.lib kernel32.lib user32.lib gdi32.lib winspool.lib comdlg32.lib advapi32.lib shell32.lib ole32.lib oleaut32.lib uuid.lib odbc32.lib odbccp32.lib /MANIFEST /ManifestFile:".\CONPROV_TIME_LINK___Win32_Debug\CONPROV_TIME_LINK.exe.intermediate.manifest" /MANIFESTUAC:"level='asInvoker' uiAccess='false'" /DEBUG /PDB:"G:\My data\V18-Filterless-OTN\Dynamic-SC-FON\Fillterless\CONPROV_TIME_LINK___Win32_Debug\CONPROV_TIME_LINK.pdb" /SUBSYSTEM:CONSOLE /TLBID:1 /DYNAMICBASE /NXCOMPAT /IMPLIB:".\CONPROV_TIME_LINK___Win32_Debug\CONPROV_TIME_LINK.lib" /MACHINE:X64 .\CONPROV_TIME_LINK___Win32_Debug\AbsPath.obj
         .\CONPROV_TIME_LINK___Win32_Debug\AbstractGraph.obj
         .\CONPROV_TIME_LINK___Win32_Debug\AbstractPath.obj
         .\CONPROV_TIME_LINK___Win32_Debug\BinaryHeap.obj
         .\CONPROV_TIME_LINK___Win32_Debug\Channel.obj
         .\CONPROV_TIME_LINK___Win32_Debug\Circuit.obj
         .\CONPROV_TIME_LINK___Win32_Debug\Connection.obj
         .\CONPROV_TIME_LINK___Win32_Debug\ConnectionDB.obj
         .\CONPROV_TIME_LINK___Win32_Debug\ConProvisionMain.obj
         .\CONPROV_TIME_LINK___Win32_Debug\Event.obj
         .\CONPROV_TIME_LINK___Win32_Debug\EventList.obj
         .\CONPROV_TIME_LINK___Win32_Debug\Graph.obj
         .\CONPROV_TIME_LINK___Win32_Debug\Lightpath.obj
         .\CONPROV_TIME_LINK___Win32_Debug\Lightpath_Seg.obj
         .\CONPROV_TIME_LINK___Win32_Debug\LightpathDB.obj
         .\CONPROV_TIME_LINK___Win32_Debug\Log.obj
         .\CONPROV_TIME_LINK___Win32_Debug\MappedLinkList.obj
         .\CONPROV_TIME_LINK___Win32_Debug\NetMan.obj
         .\CONPROV_TIME_LINK___Win32_Debug\OchException.obj
         .\CONPROV_TIME_LINK___Win32_Debug\OchMemDebug.obj
         .\CONPROV_TIME_LINK___Win32_Debug\OchObject.obj
         .\CONPROV_TIME_LINK___Win32_Debug\OXCNode.obj
         .\CONPROV_TIME_LINK___Win32_Debug\ServiceChain.obj
         .\CONPROV_TIME_LINK___Win32_Debug\SimplexLink.obj
         .\CONPROV_TIME_LINK___Win32_Debug\Simulator.obj
         .\CONPROV_TIME_LINK___Win32_Debug\Stat.obj
         .\CONPROV_TIME_LINK___Win32_Debug\TopoReader.obj
         .\CONPROV_TIME_LINK___Win32_Debug\UniFiber.obj
         .\CONPROV_TIME_LINK___Win32_Debug\Vertex.obj
         .\CONPROV_TIME_LINK___Win32_Debug\VNF.obj
         .\CONPROV_TIME_LINK___Win32_Debug\WDMNetwork.obj
         CONPROV_TIME_LINK.vcxproj -> G:\My data\V18-Filterless-OTN\Dynamic-SC-FON\Fillterless\.\CONPROV_TIME_LINK___Win32_Debug\CONPROV_TIME_LINK.exe
       Manifest:
         C:\Program Files (x86)\Microsoft SDKs\Windows\v7.0A\bin\mt.exe /nologo /verbose /outputresource:".\CONPROV_TIME_LINK___Win32_Debug\CONPROV_TIME_LINK.exe;#1" /manifest .\CONPROV_TIME_LINK___Win32_Debug\CONPROV_TIME_LINK.exe.intermediate.manifest
       FinalizeBuildStatus:
         Deleting file ".\CONPROV_TIME_LINK___Win32_Debug\CONPROV_TIME_LINK.unsuccessfulbuild".
         Touching ".\CONPROV_TIME_LINK___Win32_Debug\CONPROV_TIME_LINK.lastbuildstate".
     1>Done Building Project "G:\My data\V18-Filterless-OTN\Dynamic-SC-FON\Fillterless\CONPROV_TIME_LINK.vcxproj" (build target(s)).

Build succeeded.

Time Elapsed 00:00:01.59
